
> work-genius@0.0.1 serverDev /var/www/work-genius
> nodemon --watch server --exec npm run babel-node -- server


> work-genius@0.0.1 serverDev /var/www/work-genius
> nodemon --watch server --exec npm run babel-node -- server

[33m[nodemon] 1.9.1[39m
[33m[nodemon] to restart at any time, enter `rs`[39m
[33m[nodemon] watching: /var/www/work-genius/server/**/*[39m
[32m[nodemon] starting `npm run babel-node server`[39m
events.js:141
      throw er; // Unhandled 'error' event
      ^

Error: EBADF: bad file descriptor, read
    at Error (native)

npm ERR! Linux 3.16.0-30-generic
npm ERR! argv "/usr/local/bin/node" "/usr/local/bin/npm" "run" "serverDev"
npm ERR! node v4.4.1
npm ERR! npm  v2.14.20
npm ERR! code ELIFECYCLE
npm ERR! work-genius@0.0.1 serverDev: `nodemon --watch server --exec npm run babel-node -- server`
npm ERR! Exit status 1
npm ERR! 
npm ERR! Failed at the work-genius@0.0.1 serverDev script 'nodemon --watch server --exec npm run babel-node -- server'.
npm ERR! This is most likely a problem with the work-genius package,
npm ERR! not with npm itself.
npm ERR! Tell the author that this fails on your system:
npm ERR!     nodemon --watch server --exec npm run babel-node -- server
npm ERR! You can get information on how to open an issue for this project with:
npm ERR!     npm bugs work-genius
npm ERR! Or if that isn't available, you can get their info via:
npm ERR! 
npm ERR!     npm owner ls work-genius
npm ERR! There is likely additional logging output above.

npm ERR! Please include the following file with any support request:
npm ERR!     /var/www/work-genius/npm-debug.log

> work-genius@0.0.1 babel-node /var/www/work-genius
> babel-node "server"


> work-genius@0.0.1 dev /var/www/work-genius
> babel-node start-webpack-dev-server.js


> work-genius@0.0.1 serverDev /var/www/work-genius
> nodemon --watch server --exec npm run babel-node -- server

[33m[nodemon] 1.9.1[39m
[33m[nodemon] to restart at any time, enter `rs`[39m
[33m[nodemon] watching: /var/www/work-genius/server/**/*[39m
[32m[nodemon] starting `npm run babel-node server`[39m
events.js:141
      throw er; // Unhandled 'error' event
      ^

Error: EBADF: bad file descriptor, read
    at Error (native)

npm ERR! Linux 3.16.0-30-generic
npm ERR! argv "/usr/local/bin/node" "/usr/local/bin/npm" "run" "serverDev"
npm ERR! node v4.4.1
npm ERR! npm  v2.14.20
npm ERR! code ELIFECYCLE
npm ERR! work-genius@0.0.1 serverDev: `nodemon --watch server --exec npm run babel-node -- server`
npm ERR! Exit status 1
npm ERR! 
npm ERR! Failed at the work-genius@0.0.1 serverDev script 'nodemon --watch server --exec npm run babel-node -- server'.
npm ERR! This is most likely a problem with the work-genius package,
npm ERR! not with npm itself.
npm ERR! Tell the author that this fails on your system:
npm ERR!     nodemon --watch server --exec npm run babel-node -- server
npm ERR! You can get information on how to open an issue for this project with:
npm ERR!     npm bugs work-genius
npm ERR! Or if that isn't available, you can get their info via:
npm ERR! 
npm ERR!     npm owner ls work-genius
npm ERR! There is likely additional logging output above.

npm ERR! Please include the following file with any support request:
npm ERR!     /var/www/work-genius/npm-debug.log

> work-genius@0.0.1 babel-node /var/www/work-genius
> babel-node "server"


> work-genius@0.0.1 dev /var/www/work-genius
> babel-node start-webpack-dev-server.js

